{"/Users/antoniogally/Documents/projects/star-wars-app/src/components/filter-area/filter-area.tsx": {"path":"/Users/antoniogally/Documents/projects/star-wars-app/src/components/filter-area/filter-area.tsx","statementMap":{"0":{"start":{"line":2,"column":0},"end":{"line":2,"column":42}},"1":{"start":{"line":4,"column":0},"end":{"line":4,"column":42}},"2":{"start":{"line":6,"column":0},"end":{"line":6,"column":48}},"3":{"start":{"line":7,"column":0},"end":{"line":7,"column":45}},"4":{"start":{"line":8,"column":0},"end":{"line":8,"column":45}},"5":{"start":{"line":9,"column":0},"end":{"line":9,"column":null}},"6":{"start":{"line":15,"column":0},"end":{"line":15,"column":99}},"7":{"start":{"line":18,"column":0},"end":{"line":18,"column":43}},"8":{"start":{"line":20,"column":19},"end":{"line":71,"column":1}},"9":{"start":{"line":21,"column":46},"end":{"line":21,"column":101}},"10":{"start":{"line":21,"column":80},"end":{"line":21,"column":100}},"11":{"start":{"line":23,"column":29},"end":{"line":23,"column":40}},"12":{"start":{"line":25,"column":4},"end":{"line":70,"column":null}},"13":{"start":{"line":29,"column":62},"end":{"line":29,"column":105}},"14":{"start":{"line":42,"column":61},"end":{"line":42,"column":103}},"15":{"start":{"line":50,"column":61},"end":{"line":50,"column":103}},"16":{"start":{"line":58,"column":61},"end":{"line":58,"column":101}},"17":{"start":{"line":73,"column":0},"end":{"line":73,"column":26}}},"fnMap":{"0":{"name":"(anonymous_0)","decl":{"start":{"line":20,"column":19},"end":{"line":20,"column":22}},"loc":{"start":{"line":20,"column":24},"end":{"line":71,"column":1}}},"1":{"name":"(anonymous_1)","decl":{"start":{"line":21,"column":58},"end":{"line":21,"column":59}},"loc":{"start":{"line":21,"column":80},"end":{"line":21,"column":100}}},"2":{"name":"(anonymous_2)","decl":{"start":{"line":29,"column":55},"end":{"line":29,"column":56}},"loc":{"start":{"line":29,"column":62},"end":{"line":29,"column":105}}},"3":{"name":"(anonymous_3)","decl":{"start":{"line":42,"column":54},"end":{"line":42,"column":55}},"loc":{"start":{"line":42,"column":61},"end":{"line":42,"column":103}}},"4":{"name":"(anonymous_4)","decl":{"start":{"line":50,"column":54},"end":{"line":50,"column":55}},"loc":{"start":{"line":50,"column":61},"end":{"line":50,"column":103}}},"5":{"name":"(anonymous_5)","decl":{"start":{"line":58,"column":54},"end":{"line":58,"column":55}},"loc":{"start":{"line":58,"column":61},"end":{"line":58,"column":101}}}},"branchMap":{},"s":{"0":0,"1":0,"2":0,"3":0,"4":0,"5":0,"6":0,"7":0,"8":0,"9":0,"10":0,"11":0,"12":0,"13":0,"14":0,"15":0,"16":0,"17":0},"f":{"0":0,"1":0,"2":0,"3":0,"4":0,"5":0},"b":{}}
,"/Users/antoniogally/Documents/projects/star-wars-app/src/components/filter-area/hooks/use-search.ts": {"path":"/Users/antoniogally/Documents/projects/star-wars-app/src/components/filter-area/hooks/use-search.ts","statementMap":{"0":{"start":{"line":2,"column":0},"end":{"line":2,"column":34}},"1":{"start":{"line":3,"column":0},"end":{"line":3,"column":36}},"2":{"start":{"line":4,"column":0},"end":{"line":4,"column":42}},"3":{"start":{"line":8,"column":18},"end":{"line":21,"column":1}},"4":{"start":{"line":9,"column":21},"end":{"line":9,"column":34}},"5":{"start":{"line":11,"column":25},"end":{"line":15,"column":null}},"6":{"start":{"line":13,"column":12},"end":{"line":13,"column":36}},"7":{"start":{"line":18,"column":4},"end":{"line":20,"column":null}},"8":{"start":{"line":23,"column":0},"end":{"line":23,"column":25}}},"fnMap":{"0":{"name":"(anonymous_0)","decl":{"start":{"line":8,"column":18},"end":{"line":8,"column":21}},"loc":{"start":{"line":8,"column":23},"end":{"line":21,"column":1}}},"1":{"name":"(anonymous_1)","decl":{"start":{"line":12,"column":17},"end":{"line":12,"column":18}},"loc":{"start":{"line":12,"column":85},"end":{"line":14,"column":9}}}},"branchMap":{},"s":{"0":0,"1":0,"2":0,"3":0,"4":0,"5":0,"6":0,"7":0,"8":0},"f":{"0":0,"1":0},"b":{}}
,"/Users/antoniogally/Documents/projects/star-wars-app/src/store/slices/filterSlice.ts": {"path":"/Users/antoniogally/Documents/projects/star-wars-app/src/store/slices/filterSlice.ts","statementMap":{"0":{"start":{"line":1,"column":0},"end":{"line":1,"column":47}},"1":{"start":{"line":12,"column":34},"end":{"line":19,"column":2}},"2":{"start":{"line":21,"column":13},"end":{"line":38,"column":3}},"3":{"start":{"line":26,"column":12},"end":{"line":26,"column":46}},"4":{"start":{"line":29,"column":12},"end":{"line":29,"column":53}},"5":{"start":{"line":32,"column":12},"end":{"line":32,"column":53}},"6":{"start":{"line":35,"column":12},"end":{"line":35,"column":51}},"7":{"start":{"line":40,"column":13},"end":{"line":40,"column":72}},"8":{"start":{"line":42,"column":0},"end":{"line":42,"column":35}}},"fnMap":{"0":{"name":"(anonymous_0)","decl":{"start":{"line":25,"column":23},"end":{"line":25,"column":24}},"loc":{"start":{"line":25,"column":62},"end":{"line":27,"column":9}}},"1":{"name":"(anonymous_1)","decl":{"start":{"line":28,"column":22},"end":{"line":28,"column":23}},"loc":{"start":{"line":28,"column":61},"end":{"line":30,"column":9}}},"2":{"name":"(anonymous_2)","decl":{"start":{"line":31,"column":22},"end":{"line":31,"column":23}},"loc":{"start":{"line":31,"column":61},"end":{"line":33,"column":9}}},"3":{"name":"(anonymous_3)","decl":{"start":{"line":34,"column":20},"end":{"line":34,"column":21}},"loc":{"start":{"line":34,"column":59},"end":{"line":36,"column":9}}}},"branchMap":{},"s":{"0":0,"1":0,"2":0,"3":0,"4":0,"5":0,"6":0,"7":0,"8":0},"f":{"0":0,"1":0,"2":0,"3":0},"b":{}}
}
